<?xml version="1.0" encoding="UTF-8"?>
<testsuite xmlns:xsi="http://www.w3.org/2001/XMLSchema-instance" xsi:noNamespaceSchemaLocation="https://maven.apache.org/surefire/maven-surefire-plugin/xsd/surefire-test-report.xsd" name="Runners.CukesRunner" time="6.613" tests="1" errors="0" skipped="0" failures="0">
  <properties>
    <property name="awt.toolkit" value="sun.lwawt.macosx.LWCToolkit"/>
    <property name="java.specification.version" value="12"/>
    <property name="sun.jnu.encoding" value="UTF-8"/>
    <property name="java.class.path" value="/Users/aliihsancelik/IdeaProjects/ApiCustomerTask/target/test-classes:/Users/aliihsancelik/IdeaProjects/ApiCustomerTask/target/classes:/Users/aliihsancelik/.m2/repository/io/rest-assured/rest-assured/4.3.2/rest-assured-4.3.2.jar:/Users/aliihsancelik/.m2/repository/org/codehaus/groovy/groovy/3.0.6/groovy-3.0.6.jar:/Users/aliihsancelik/.m2/repository/org/codehaus/groovy/groovy-xml/3.0.6/groovy-xml-3.0.6.jar:/Users/aliihsancelik/.m2/repository/org/apache/httpcomponents/httpclient/4.5.3/httpclient-4.5.3.jar:/Users/aliihsancelik/.m2/repository/org/apache/httpcomponents/httpcore/4.4.6/httpcore-4.4.6.jar:/Users/aliihsancelik/.m2/repository/commons-logging/commons-logging/1.2/commons-logging-1.2.jar:/Users/aliihsancelik/.m2/repository/commons-codec/commons-codec/1.9/commons-codec-1.9.jar:/Users/aliihsancelik/.m2/repository/org/apache/httpcomponents/httpmime/4.5.3/httpmime-4.5.3.jar:/Users/aliihsancelik/.m2/repository/org/hamcrest/hamcrest/2.1/hamcrest-2.1.jar:/Users/aliihsancelik/.m2/repository/org/ccil/cowan/tagsoup/tagsoup/1.2.1/tagsoup-1.2.1.jar:/Users/aliihsancelik/.m2/repository/io/rest-assured/json-path/4.3.2/json-path-4.3.2.jar:/Users/aliihsancelik/.m2/repository/org/codehaus/groovy/groovy-json/3.0.6/groovy-json-3.0.6.jar:/Users/aliihsancelik/.m2/repository/io/rest-assured/rest-assured-common/4.3.2/rest-assured-common-4.3.2.jar:/Users/aliihsancelik/.m2/repository/io/rest-assured/xml-path/4.3.2/xml-path-4.3.2.jar:/Users/aliihsancelik/.m2/repository/jakarta/xml/bind/jakarta.xml.bind-api/2.3.3/jakarta.xml.bind-api-2.3.3.jar:/Users/aliihsancelik/.m2/repository/jakarta/activation/jakarta.activation-api/1.2.2/jakarta.activation-api-1.2.2.jar:/Users/aliihsancelik/.m2/repository/com/sun/xml/bind/jaxb-impl/2.3.3/jaxb-impl-2.3.3.jar:/Users/aliihsancelik/.m2/repository/com/google/code/gson/gson/2.8.6/gson-2.8.6.jar:/Users/aliihsancelik/.m2/repository/io/cucumber/cucumber-java/5.7.0/cucumber-java-5.7.0.jar:/Users/aliihsancelik/.m2/repository/io/cucumber/cucumber-core/5.7.0/cucumber-core-5.7.0.jar:/Users/aliihsancelik/.m2/repository/io/cucumber/cucumber-gherkin/5.7.0/cucumber-gherkin-5.7.0.jar:/Users/aliihsancelik/.m2/repository/io/cucumber/cucumber-gherkin-vintage/5.7.0/cucumber-gherkin-vintage-5.7.0.jar:/Users/aliihsancelik/.m2/repository/io/cucumber/tag-expressions/2.0.4/tag-expressions-2.0.4.jar:/Users/aliihsancelik/.m2/repository/io/cucumber/cucumber-expressions/8.3.1/cucumber-expressions-8.3.1.jar:/Users/aliihsancelik/.m2/repository/io/cucumber/datatable/3.3.1/datatable-3.3.1.jar:/Users/aliihsancelik/.m2/repository/io/cucumber/cucumber-plugin/5.7.0/cucumber-plugin-5.7.0.jar:/Users/aliihsancelik/.m2/repository/io/cucumber/docstring/5.7.0/docstring-5.7.0.jar:/Users/aliihsancelik/.m2/repository/org/apiguardian/apiguardian-api/1.1.0/apiguardian-api-1.1.0.jar:/Users/aliihsancelik/.m2/repository/io/cucumber/cucumber-junit/5.7.0/cucumber-junit-5.7.0.jar:/Users/aliihsancelik/.m2/repository/junit/junit/4.13/junit-4.13.jar:/Users/aliihsancelik/.m2/repository/org/hamcrest/hamcrest-core/1.3/hamcrest-core-1.3.jar:/Users/aliihsancelik/.m2/repository/org/slf4j/slf4j-log4j12/1.8.0-alpha2/slf4j-log4j12-1.8.0-alpha2.jar:/Users/aliihsancelik/.m2/repository/org/slf4j/slf4j-api/1.8.0-alpha2/slf4j-api-1.8.0-alpha2.jar:/Users/aliihsancelik/.m2/repository/log4j/log4j/1.2.17/log4j-1.2.17.jar:/Users/aliihsancelik/.m2/repository/com/github/javafaker/javafaker/1.0.2/javafaker-1.0.2.jar:/Users/aliihsancelik/.m2/repository/org/apache/commons/commons-lang3/3.5/commons-lang3-3.5.jar:/Users/aliihsancelik/.m2/repository/org/yaml/snakeyaml/1.23/snakeyaml-1.23-android.jar:/Users/aliihsancelik/.m2/repository/com/github/mifmif/generex/1.0.2/generex-1.0.2.jar:/Users/aliihsancelik/.m2/repository/dk/brics/automaton/automaton/1.11-8/automaton-1.11-8.jar:"/>
    <property name="java.vm.vendor" value="Oracle Corporation"/>
    <property name="sun.arch.data.model" value="64"/>
    <property name="java.vendor.url" value="https://java.oracle.com/"/>
    <property name="os.name" value="Mac OS X"/>
    <property name="java.vm.specification.version" value="12"/>
    <property name="sun.java.launcher" value="SUN_STANDARD"/>
    <property name="user.country" value="GB"/>
    <property name="sun.boot.library.path" value="/Library/Java/JavaVirtualMachines/jdk-12.0.1.jdk/Contents/Home/lib"/>
    <property name="sun.java.command" value="/Users/aliihsancelik/IdeaProjects/ApiCustomerTask/target/surefire/surefirebooter14079422737023182612.jar /Users/aliihsancelik/IdeaProjects/ApiCustomerTask/target/surefire 2021-03-22T21-19-12_283-jvmRun1 surefire5435129793864853199tmp surefire_0806742092892206592tmp"/>
    <property name="http.nonProxyHosts" value="local|*.local|169.254/16|*.169.254/16"/>
    <property name="jdk.debug" value="release"/>
    <property name="surefire.test.class.path" value="/Users/aliihsancelik/IdeaProjects/ApiCustomerTask/target/test-classes:/Users/aliihsancelik/IdeaProjects/ApiCustomerTask/target/classes:/Users/aliihsancelik/.m2/repository/io/rest-assured/rest-assured/4.3.2/rest-assured-4.3.2.jar:/Users/aliihsancelik/.m2/repository/org/codehaus/groovy/groovy/3.0.6/groovy-3.0.6.jar:/Users/aliihsancelik/.m2/repository/org/codehaus/groovy/groovy-xml/3.0.6/groovy-xml-3.0.6.jar:/Users/aliihsancelik/.m2/repository/org/apache/httpcomponents/httpclient/4.5.3/httpclient-4.5.3.jar:/Users/aliihsancelik/.m2/repository/org/apache/httpcomponents/httpcore/4.4.6/httpcore-4.4.6.jar:/Users/aliihsancelik/.m2/repository/commons-logging/commons-logging/1.2/commons-logging-1.2.jar:/Users/aliihsancelik/.m2/repository/commons-codec/commons-codec/1.9/commons-codec-1.9.jar:/Users/aliihsancelik/.m2/repository/org/apache/httpcomponents/httpmime/4.5.3/httpmime-4.5.3.jar:/Users/aliihsancelik/.m2/repository/org/hamcrest/hamcrest/2.1/hamcrest-2.1.jar:/Users/aliihsancelik/.m2/repository/org/ccil/cowan/tagsoup/tagsoup/1.2.1/tagsoup-1.2.1.jar:/Users/aliihsancelik/.m2/repository/io/rest-assured/json-path/4.3.2/json-path-4.3.2.jar:/Users/aliihsancelik/.m2/repository/org/codehaus/groovy/groovy-json/3.0.6/groovy-json-3.0.6.jar:/Users/aliihsancelik/.m2/repository/io/rest-assured/rest-assured-common/4.3.2/rest-assured-common-4.3.2.jar:/Users/aliihsancelik/.m2/repository/io/rest-assured/xml-path/4.3.2/xml-path-4.3.2.jar:/Users/aliihsancelik/.m2/repository/jakarta/xml/bind/jakarta.xml.bind-api/2.3.3/jakarta.xml.bind-api-2.3.3.jar:/Users/aliihsancelik/.m2/repository/jakarta/activation/jakarta.activation-api/1.2.2/jakarta.activation-api-1.2.2.jar:/Users/aliihsancelik/.m2/repository/com/sun/xml/bind/jaxb-impl/2.3.3/jaxb-impl-2.3.3.jar:/Users/aliihsancelik/.m2/repository/com/google/code/gson/gson/2.8.6/gson-2.8.6.jar:/Users/aliihsancelik/.m2/repository/io/cucumber/cucumber-java/5.7.0/cucumber-java-5.7.0.jar:/Users/aliihsancelik/.m2/repository/io/cucumber/cucumber-core/5.7.0/cucumber-core-5.7.0.jar:/Users/aliihsancelik/.m2/repository/io/cucumber/cucumber-gherkin/5.7.0/cucumber-gherkin-5.7.0.jar:/Users/aliihsancelik/.m2/repository/io/cucumber/cucumber-gherkin-vintage/5.7.0/cucumber-gherkin-vintage-5.7.0.jar:/Users/aliihsancelik/.m2/repository/io/cucumber/tag-expressions/2.0.4/tag-expressions-2.0.4.jar:/Users/aliihsancelik/.m2/repository/io/cucumber/cucumber-expressions/8.3.1/cucumber-expressions-8.3.1.jar:/Users/aliihsancelik/.m2/repository/io/cucumber/datatable/3.3.1/datatable-3.3.1.jar:/Users/aliihsancelik/.m2/repository/io/cucumber/cucumber-plugin/5.7.0/cucumber-plugin-5.7.0.jar:/Users/aliihsancelik/.m2/repository/io/cucumber/docstring/5.7.0/docstring-5.7.0.jar:/Users/aliihsancelik/.m2/repository/org/apiguardian/apiguardian-api/1.1.0/apiguardian-api-1.1.0.jar:/Users/aliihsancelik/.m2/repository/io/cucumber/cucumber-junit/5.7.0/cucumber-junit-5.7.0.jar:/Users/aliihsancelik/.m2/repository/junit/junit/4.13/junit-4.13.jar:/Users/aliihsancelik/.m2/repository/org/hamcrest/hamcrest-core/1.3/hamcrest-core-1.3.jar:/Users/aliihsancelik/.m2/repository/org/slf4j/slf4j-log4j12/1.8.0-alpha2/slf4j-log4j12-1.8.0-alpha2.jar:/Users/aliihsancelik/.m2/repository/org/slf4j/slf4j-api/1.8.0-alpha2/slf4j-api-1.8.0-alpha2.jar:/Users/aliihsancelik/.m2/repository/log4j/log4j/1.2.17/log4j-1.2.17.jar:/Users/aliihsancelik/.m2/repository/com/github/javafaker/javafaker/1.0.2/javafaker-1.0.2.jar:/Users/aliihsancelik/.m2/repository/org/apache/commons/commons-lang3/3.5/commons-lang3-3.5.jar:/Users/aliihsancelik/.m2/repository/org/yaml/snakeyaml/1.23/snakeyaml-1.23-android.jar:/Users/aliihsancelik/.m2/repository/com/github/mifmif/generex/1.0.2/generex-1.0.2.jar:/Users/aliihsancelik/.m2/repository/dk/brics/automaton/automaton/1.11-8/automaton-1.11-8.jar:"/>
    <property name="sun.cpu.endian" value="little"/>
    <property name="user.home" value="/Users/aliihsancelik"/>
    <property name="user.language" value="en"/>
    <property name="java.specification.vendor" value="Oracle Corporation"/>
    <property name="java.version.date" value="2019-04-16"/>
    <property name="java.home" value="/Library/Java/JavaVirtualMachines/jdk-12.0.1.jdk/Contents/Home"/>
    <property name="file.separator" value="/"/>
    <property name="basedir" value="/Users/aliihsancelik/IdeaProjects/ApiCustomerTask"/>
    <property name="java.vm.compressedOopsMode" value="Zero based"/>
    <property name="line.separator" value="&#10;"/>
    <property name="java.vm.specification.vendor" value="Oracle Corporation"/>
    <property name="java.specification.name" value="Java Platform API Specification"/>
    <property name="java.awt.graphicsenv" value="sun.awt.CGraphicsEnvironment"/>
    <property name="surefire.real.class.path" value="/Users/aliihsancelik/IdeaProjects/ApiCustomerTask/target/surefire/surefirebooter14079422737023182612.jar"/>
    <property name="sun.management.compiler" value="HotSpot 64-Bit Tiered Compilers"/>
    <property name="ftp.nonProxyHosts" value="local|*.local|169.254/16|*.169.254/16"/>
    <property name="java.runtime.version" value="12.0.1+12"/>
    <property name="user.name" value="ahmetcelik"/>
    <property name="path.separator" value=":"/>
    <property name="os.version" value="10.15.4"/>
    <property name="java.runtime.name" value="Java(TM) SE Runtime Environment"/>
    <property name="file.encoding" value="UTF-8"/>
    <property name="java.vm.name" value="Java HotSpot(TM) 64-Bit Server VM"/>
    <property name="localRepository" value="/Users/aliihsancelik/.m2/repository"/>
    <property name="java.vendor.url.bug" value="https://bugreport.java.com/bugreport/"/>
    <property name="java.io.tmpdir" value="/var/folders/_q/b9_0_0d579n327zjxxd14d_80000gn/T/"/>
    <property name="idea.version" value="2020.2.3"/>
    <property name="java.version" value="12.0.1"/>
    <property name="user.dir" value="/Users/aliihsancelik/IdeaProjects/ApiCustomerTask"/>
    <property name="os.arch" value="x86_64"/>
    <property name="java.vm.specification.name" value="Java Virtual Machine Specification"/>
    <property name="java.library.path" value="/Users/aliihsancelik/Library/Java/Extensions:/Library/Java/Extensions:/Network/Library/Java/Extensions:/System/Library/Java/Extensions:/usr/lib/java:."/>
    <property name="java.vm.info" value="mixed mode, sharing"/>
    <property name="java.vendor" value="Oracle Corporation"/>
    <property name="java.vm.version" value="12.0.1+12"/>
    <property name="sun.io.unicode.encoding" value="UnicodeBig"/>
    <property name="socksNonProxyHosts" value="local|*.local|169.254/16|*.169.254/16"/>
    <property name="java.class.version" value="56.0"/>
  </properties>
  <testcase name="Verify the flow of create, get and delete a customer" classname="Creating, getting and deleting a customer" time="5.973"/>
</testsuite>